<?xml version="1.0" encoding="UTF-8"?>
<!-- Generated by org.testng.reporters.JUnitReportReporter -->
<testsuite skipped="0" hostname="HL202420" name="net.countryfinancial.imis.SelectStateTests" tests="1" failures="0" timestamp="05 Nov 2018 20:27:11 GMT" time="1.098" errors="0">
  <testcase name="verifyLandingPage" time="1.098" classname="net.countryfinancial.imis.SelectStateTests"/>
</testsuite> <!-- net.countryfinancial.imis.SelectStateTests -->
