<?xml version="1.0" encoding="UTF-8"?>
<!-- Generated by org.testng.reporters.JUnitReportReporter -->
<testsuite skipped="0" hostname="HL202420" name="com.facebook.LoginTests" tests="2" failures="0" timestamp="09 Nov 2018 04:15:31 GMT" time="8.500" errors="0">
  <testcase name="enterLoginDetails_Valid" time="4.725" classname="com.facebook.LoginTests"/>
  <testcase name="enterLoginDetails_Invalid" time="3.775" classname="com.facebook.LoginTests"/>
</testsuite> <!-- com.facebook.LoginTests -->
