<?xml version="1.0" encoding="UTF-8"?>
<!-- Generated by org.testng.reporters.JUnitReportReporter -->
<testsuite skipped="0" hostname="HL202420" name="net.countryfinancial.imis.LoginTests" tests="1" failures="0" timestamp="05 Nov 2018 21:26:37 GMT" time="7.679" errors="0">
  <testcase name="enterLoginDetails" time="7.679" classname="net.countryfinancial.imis.LoginTests"/>
</testsuite> <!-- net.countryfinancial.imis.LoginTests -->
