<?xml version="1.0" encoding="UTF-8"?>
<!-- Generated by org.testng.reporters.JUnitReportReporter -->
<testsuite skipped="0" hostname="HL202420" name="com.facebook.LoginTests" tests="1" failures="0" timestamp="08 Nov 2018 22:38:24 GMT" time="5.953" errors="0">
  <testcase name="enterLoginDetails_Invalid" time="5.953" classname="com.facebook.LoginTests"/>
</testsuite> <!-- com.facebook.LoginTests -->
